0 info it worked if it ends with ok
1 verbose cli [ 'D:\\Program Files\\nodejs\\node.exe',
1 verbose cli   'D:\\Program Files\\nodejs\\node_modules\\npm\\bin\\npm-cli.js',
1 verbose cli   'start' ]
2 info using npm@3.10.10
3 info using node@v6.11.3
4 verbose run-script [ 'prestart', 'start', 'poststart' ]
5 info lifecycle course-react@1.0.0~prestart: course-react@1.0.0
6 silly lifecycle course-react@1.0.0~prestart: no script for prestart, continuing
7 info lifecycle course-react@1.0.0~start: course-react@1.0.0
8 verbose lifecycle course-react@1.0.0~start: unsafe-perm in lifecycle true
9 verbose lifecycle course-react@1.0.0~start: PATH: D:\Program Files\nodejs\node_modules\npm\bin\node-gyp-bin;C:\Users\rensiming\Desktop\Third_Project\PC_Project\node_modules\.bin;C:\Windows\system32;C:\Windows;C:\Windows\System32\Wbem;C:\Windows\System32\WindowsPowerShell\v1.0\;C:\Program Files (x86)\NVIDIA Corporation\PhysX\Common;C:\Program Files\TortoiseSVN\bin;C:\Program Files\VisualSVN Server\bin;D:\Program Files\Git\cmd;D:\Program Files\nodejs\;D:\Program Files\MongoDB\Server\3.4\bin;C:\Program Files (x86)\SinoVoice\jTTS 5.0 Desktop\Bin;C:\Users\rensiming\AppData\Local\Microsoft\WindowsApps;D:\Program Files\nodejs\node_global;C:\Users\rensiming\AppData\Roaming\npm
10 verbose lifecycle course-react@1.0.0~start: CWD: C:\Users\rensiming\Desktop\Third_Project\PC_Project
11 silly lifecycle course-react@1.0.0~start: Args: [ '/d /s /c',
11 silly lifecycle   'webpack-dev-server --devtool eval --progress --port 3006  --colors --content-base ./' ]
12 silly lifecycle course-react@1.0.0~start: Returned: code: 3221225786  signal: null
13 info lifecycle course-react@1.0.0~start: Failed to exec start script
14 verbose stack Error: course-react@1.0.0 start: `webpack-dev-server --devtool eval --progress --port 3006  --colors --content-base ./`
14 verbose stack Exit status 3221225786
14 verbose stack     at EventEmitter.<anonymous> (D:\Program Files\nodejs\node_modules\npm\lib\utils\lifecycle.js:255:16)
14 verbose stack     at emitTwo (events.js:106:13)
14 verbose stack     at EventEmitter.emit (events.js:191:7)
14 verbose stack     at ChildProcess.<anonymous> (D:\Program Files\nodejs\node_modules\npm\lib\utils\spawn.js:40:14)
14 verbose stack     at emitTwo (events.js:106:13)
14 verbose stack     at ChildProcess.emit (events.js:191:7)
14 verbose stack     at maybeClose (internal/child_process.js:920:16)
14 verbose stack     at Process.ChildProcess._handle.onexit (internal/child_process.js:230:5)
15 verbose pkgid course-react@1.0.0
16 verbose cwd C:\Users\rensiming\Desktop\Third_Project\PC_Project
17 error Windows_NT 10.0.14393
18 error argv "D:\\Program Files\\nodejs\\node.exe" "D:\\Program Files\\nodejs\\node_modules\\npm\\bin\\npm-cli.js" "start"
19 error node v6.11.3
20 error npm  v3.10.10
21 error code ELIFECYCLE
22 error course-react@1.0.0 start: `webpack-dev-server --devtool eval --progress --port 3006  --colors --content-base ./`
22 error Exit status 3221225786
23 error Failed at the course-react@1.0.0 start script 'webpack-dev-server --devtool eval --progress --port 3006  --colors --content-base ./'.
23 error Make sure you have the latest version of node.js and npm installed.
23 error If you do, this is most likely a problem with the course-react package,
23 error not with npm itself.
23 error Tell the author that this fails on your system:
23 error     webpack-dev-server --devtool eval --progress --port 3006  --colors --content-base ./
23 error You can get information on how to open an issue for this project with:
23 error     npm bugs course-react
23 error Or if that isn't available, you can get their info via:
23 error     npm owner ls course-react
23 error There is likely additional logging output above.
24 verbose exit [ 1, true ]
